#
# There is insufficient memory for the Java Runtime Environment to continue.
# Native memory allocation (mmap) failed to map 130023424 bytes. Error detail: G1 virtual space
# Possible reasons:
#   The system is out of physical RAM or swap space
#   This process is running with CompressedOops enabled, and the Java Heap may be blocking the growth of the native heap
# Possible solutions:
#   Reduce memory load on the system
#   Increase physical memory or swap space
#   Check if swap backing store is full
#   Decrease Java heap size (-Xmx/-Xms)
#   Decrease number of Java threads
#   Decrease Java thread stack sizes (-Xss)
#   Set larger code cache with -XX:ReservedCodeCacheSize=
#   JVM is running with Unscaled Compressed Oops mode in which the Java heap is
#     placed in the first 4GB address space. The Java Heap base address is the
#     maximum limit for the native heap growth. Please use -XX:HeapBaseMinAddress
#     to set the Java Heap base and to place the Java Heap above 4GB virtual address.
# This output file may be truncated or incomplete.
#
#  Out of Memory Error (os_windows.cpp:3828), pid=103708, tid=105996
#
# JRE version:  (21.0.5) (build )
# Java VM: OpenJDK 64-Bit Server VM (21.0.5+-12932927-b750.29, mixed mode, sharing, tiered, compressed oops, compressed class ptrs, g1 gc, windows-amd64)
# No core dump will be written. Minidumps are not enabled by default on client versions of Windows
#

---------------  S U M M A R Y ------------

Command Line: 

Host: 13th Gen Intel(R) Core(TM) i3-1315U, 8 cores, 7G,  Windows 11 , 64 bit Build 26100 (10.0.26100.6725)
Time: Mon Nov 10 00:47:41 2025  Windows 11 , 64 bit Build 26100 (10.0.26100.6725) elapsed time: 1.111071 seconds (0d 0h 0m 1s)

---------------  T H R E A D  ---------------

Current thread (0x000001f4549cefe0):  JavaThread "Unknown thread" [_thread_in_vm, id=105996, stack(0x0000001f9f000000,0x0000001f9f100000) (1024K)]

Stack: [0x0000001f9f000000,0x0000001f9f100000]
Native frames: (J=compiled Java code, j=interpreted, Vv=VM code, C=native code)
V  [jvm.dll+0x6cfb29]
V  [jvm.dll+0x85ded3]
V  [jvm.dll+0x86042e]
V  [jvm.dll+0x860b13]
V  [jvm.dll+0x27e6b6]
V  [jvm.dll+0x6cc385]
V  [jvm.dll+0x6c078a]
V  [jvm.dll+0x35525b]
V  [jvm.dll+0x35ceb6]
V  [jvm.dll+0x3aedd6]
V  [jvm.dll+0x3af0a8]
V  [jvm.dll+0x32792c]
V  [jvm.dll+0x32861b]
V  [jvm.dll+0x825919]
V  [jvm.dll+0x3bbfa8]
V  [jvm.dll+0x80ec88]
V  [jvm.dll+0x45015e]
V  [jvm.dll+0x4518c1]
C  [jli.dll+0x52ab]
C  [ucrtbase.dll+0x37b0]
C  [KERNEL32.DLL+0x2e8d7]
C  [ntdll.dll+0x8c53c]


---------------  P R O C E S S  ---------------

Threads class SMR info:
_java_thread_list=0x00007ff9bb400808, length=0, elements={
}

Java Threads: ( => current thread )
Total: 0

Other Threads:
  0x000001f4563c9120 WorkerThread "GC Thread#0"                     [id=104484, stack(0x0000001f9f100000,0x0000001f9f200000) (1024K)]
  0x000001f4563dac50 ConcurrentGCThread "G1 Main Marker"            [id=104212, stack(0x0000001f9f200000,0x0000001f9f300000) (1024K)]
  0x000001f4563db750 WorkerThread "G1 Conc#0"                       [id=37780, stack(0x0000001f9f300000,0x0000001f9f400000) (1024K)]

[error occurred during error reporting (printing all threads), id 0xc0000005, EXCEPTION_ACCESS_VIOLATION (0xc0000005) at pc=0x00007ff9babfa967]
VM state: not at safepoint (not fully initialized)

VM Mutex/Monitor currently owned by a thread:  ([mutex/lock_event])
[0x00007ff9bb46d460] Heap_lock - owner thread: 0x000001f4549cefe0

Heap address: 0x0000000085800000, size: 1960 MB, Compressed Oops mode: 32-bit

CDS archive(s) mapped at: [0x0000000000000000-0x0000000000000000-0x0000000000000000), size 0, SharedBaseAddress: 0x0000000800000000, ArchiveRelocationMode: 1.
Narrow klass base: 0x0000000000000000, Narrow klass shift: 0, Narrow klass range: 0x0

GC Precious Log:
 CardTable entry size: 512
 Card Set container configuration: InlinePtr #cards 5 size 8 Array Of Cards #cards 12 size 40 Howl #buckets 4 coarsen threshold 1843 Howl Bitmap #cards 512 size 80 coarsen threshold 460 Card regions per heap region 1 cards per card region 2048

Heap:
 garbage-first heap   total 0K, used 0K [0x0000000085800000, 0x0000000100000000)
  region size 1024K, 0 young (0K), 0 survivors (0K)
 Metaspace       used 0K, committed 0K, reserved 0K
  class space    used 0K, committed 0K, reserved 0K

Heap Regions: E=young(eden), S=young(survivor), O=old, HS=humongous(starts), HC=humongous(continues), CS=collection set, F=free, TAMS=top-at-mark-start, PB=parsable bottom

Card table byte_map: [0x000001f469380000,0x000001f469760000] _byte_map_base: 0x000001f468f54000

Marking Bits: (CMBitMap*) 0x000001f4563ca030
 Bits: [0x000001f469760000, 0x000001f46b600000)

GC Heap History (0 events):
No events

Dll operation events (1 events):
Event: 0.026 Loaded shared library C:\Program Files\Android\Android Studio\jbr\bin\java.dll

Deoptimization events (0 events):
No events

Classes loaded (0 events):
No events

Classes unloaded (0 events):
No events

Classes redefined (0 events):
No events

Internal exceptions (0 events):
No events

ZGC Phase Switch (0 events):
No events

VM Operations (0 events):
No events

Memory protections (0 events):
No events

Nmethod flushes (0 events):
No events

Events (0 events):
No events


Dynamic libraries:
0x00007ff662720000 - 0x00007ff66272a000 	C:\Program Files\Android\Android Studio\jbr\bin\java.EXE
0x00007ffa71700000 - 0x00007ffa71968000 	C:\WINDOWS\SYSTEM32\ntdll.dll
0x00007ffa70ed0000 - 0x00007ffa70f99000 	C:\WINDOWS\System32\KERNEL32.DLL
0x00007ffa6ec20000 - 0x00007ffa6f012000 	C:\WINDOWS\System32\KERNELBASE.dll
0x00007ffa6f020000 - 0x00007ffa6f16b000 	C:\WINDOWS\System32\ucrtbase.dll
0x00007ffa4da10000 - 0x00007ffa4da28000 	C:\Program Files\Android\Android Studio\jbr\bin\jli.dll
0x00007ffa4b200000 - 0x00007ffa4b21b000 	C:\Program Files\Android\Android Studio\jbr\bin\VCRUNTIME140.dll
0x00007ffa6fc60000 - 0x00007ffa6fe25000 	C:\WINDOWS\System32\USER32.dll
0x00007ffa4bb20000 - 0x00007ffa4bdb3000 	C:\WINDOWS\WinSxS\amd64_microsoft.windows.common-controls_6595b64144ccf1df_6.0.26100.6899_none_3e0efeeae32e88c1\COMCTL32.dll
0x00007ffa6f370000 - 0x00007ffa6f397000 	C:\WINDOWS\System32\win32u.dll
0x00007ffa71610000 - 0x00007ffa716b9000 	C:\WINDOWS\System32\msvcrt.dll
0x00007ffa6f4d0000 - 0x00007ffa6f4fb000 	C:\WINDOWS\System32\GDI32.dll
0x00007ffa6f3a0000 - 0x00007ffa6f4cd000 	C:\WINDOWS\System32\gdi32full.dll
0x00007ffa6e890000 - 0x00007ffa6e933000 	C:\WINDOWS\System32\msvcp_win.dll
0x00007ffa6f7b0000 - 0x00007ffa6f7df000 	C:\WINDOWS\System32\IMM32.DLL
0x00007ffa68aa0000 - 0x00007ffa68aac000 	C:\Program Files\Android\Android Studio\jbr\bin\vcruntime140_1.dll
0x00007ffa22920000 - 0x00007ffa229ad000 	C:\Program Files\Android\Android Studio\jbr\bin\msvcp140.dll
0x00007ff9ba8c0000 - 0x00007ff9bb54a000 	C:\Program Files\Android\Android Studio\jbr\bin\server\jvm.dll
0x00007ffa71550000 - 0x00007ffa71604000 	C:\WINDOWS\System32\ADVAPI32.dll
0x00007ffa6f910000 - 0x00007ffa6f9b6000 	C:\WINDOWS\System32\sechost.dll
0x00007ffa6f7f0000 - 0x00007ffa6f908000 	C:\WINDOWS\System32\RPCRT4.dll
0x00007ffa713b0000 - 0x00007ffa71424000 	C:\WINDOWS\System32\WS2_32.dll
0x00007ffa6e6f0000 - 0x00007ffa6e74e000 	C:\WINDOWS\SYSTEM32\POWRPROF.dll
0x00007ffa65930000 - 0x00007ffa65965000 	C:\WINDOWS\SYSTEM32\WINMM.dll
0x00007ffa5a350000 - 0x00007ffa5a35b000 	C:\WINDOWS\SYSTEM32\VERSION.dll
0x00007ffa6e6d0000 - 0x00007ffa6e6e4000 	C:\WINDOWS\SYSTEM32\UMPDC.dll
0x00007ffa6d640000 - 0x00007ffa6d65b000 	C:\WINDOWS\SYSTEM32\kernel.appcore.dll
0x00007ffa4cde0000 - 0x00007ffa4cdea000 	C:\Program Files\Android\Android Studio\jbr\bin\jimage.dll
0x00007ffa6c160000 - 0x00007ffa6c3a2000 	C:\WINDOWS\SYSTEM32\DBGHELP.DLL
0x00007ffa70fa0000 - 0x00007ffa7131b000 	C:\WINDOWS\System32\combase.dll
0x00007ffa70b40000 - 0x00007ffa70c17000 	C:\WINDOWS\System32\OLEAUT32.dll
0x00007ffa5d9e0000 - 0x00007ffa5da1c000 	C:\WINDOWS\SYSTEM32\dbgcore.DLL
0x00007ffa6e940000 - 0x00007ffa6e9d8000 	C:\WINDOWS\System32\bcryptPrimitives.dll
0x00007ffa48840000 - 0x00007ffa48860000 	C:\Program Files\Android\Android Studio\jbr\bin\java.dll

dbghelp: loaded successfully - version: 4.0.5 - missing functions: none
symbol engine: initialized successfully - sym options: 0x614 - pdb path: .;C:\Program Files\Android\Android Studio\jbr\bin;C:\WINDOWS\SYSTEM32;C:\WINDOWS\WinSxS\amd64_microsoft.windows.common-controls_6595b64144ccf1df_6.0.26100.6899_none_3e0efeeae32e88c1;C:\Program Files\Android\Android Studio\jbr\bin\server

VM Arguments:
java_command: <unknown>
java_class_path (initial): <not set>
Launcher Type: SUN_STANDARD

[Global flags]
     intx CICompilerCount                          = 4                                         {product} {ergonomic}
     uint ConcGCThreads                            = 2                                         {product} {ergonomic}
     uint G1ConcRefinementThreads                  = 8                                         {product} {ergonomic}
   size_t G1HeapRegionSize                         = 1048576                                   {product} {ergonomic}
    uintx GCDrainStackTargetSize                   = 64                                        {product} {ergonomic}
   size_t InitialHeapSize                          = 130023424                                 {product} {ergonomic}
   size_t MarkStackSize                            = 4194304                                   {product} {ergonomic}
   size_t MaxHeapSize                              = 2055208960                                {product} {ergonomic}
   size_t MinHeapDeltaBytes                        = 1048576                                   {product} {ergonomic}
   size_t MinHeapSize                              = 8388608                                   {product} {ergonomic}
    uintx NonNMethodCodeHeapSize                   = 5839372                                {pd product} {ergonomic}
    uintx NonProfiledCodeHeapSize                  = 122909434                              {pd product} {ergonomic}
    uintx ProfiledCodeHeapSize                     = 122909434                              {pd product} {ergonomic}
    uintx ReservedCodeCacheSize                    = 251658240                              {pd product} {ergonomic}
     bool SegmentedCodeCache                       = true                                      {product} {ergonomic}
   size_t SoftMaxHeapSize                          = 2055208960                             {manageable} {ergonomic}
     bool UseCompressedOops                        = true                           {product lp64_product} {ergonomic}
     bool UseG1GC                                  = true                                      {product} {ergonomic}
     bool UseLargePagesIndividualAllocation        = false                                  {pd product} {ergonomic}

Logging:
Log output configuration:
 #0: stdout all=warning uptime,level,tags foldmultilines=false
 #1: stderr all=off uptime,level,tags foldmultilines=false

Environment Variables:
PATH=C:\Program Files\Common Files\Oracle\Java\javapath;C:\windows\system32;C:\windows;C:\windows\System32\Wbem;C:\windows\System32\WindowsPowerShell\v1.0\;C:\windows\System32\OpenSSH\;C:\Program Files\HP\HP One Agent;C:\WINDOWS\system32;C:\WINDOWS;C:\WINDOWS\System32\Wbem;C:\WINDOWS\System32\WindowsPowerShell\v1.0\;C:\WINDOWS\System32\OpenSSH\;C:\Program Files\Git\cmd;C:\Program Files\nodejs\;C:\Users\ahmed\AppData\Local\Pub\Cache\bin;C:\Users\ahmed\AppData\Local\Microsoft\WindowsApps;C:\flutter\bin;C:\Program Files\Android\Android Studio\bin;C:\Program Files\Java\jdk-23\bin;C:\Users\ahmed\AppData\Local\Programs\Microsoft VS Code\bin;C:\Users\ahmed\Desktop\New folder\flutter\bin;C:\Users\ahmed\AppData\Roaming\npm;C:\Users\ahmed\AppData\Local\Pub\Cache\bin;C:\Program Files\Java\jdk-24\bin;
USERNAME=Ahmed
OS=Windows_NT
PROCESSOR_IDENTIFIER=Intel64 Family 6 Model 186 Stepping 3, GenuineIntel
TMP=C:\Users\ahmed\AppData\Local\Temp
TEMP=C:\Users\ahmed\AppData\Local\Temp




Periodic native trim disabled

JNI global refs:
JNI global refs: 0, weak refs: 0

JNI global refs memory usage: 0, weak refs: 0

Process memory usage:
Resident Set Size: 12728K (0% of 8023952K total physical memory with 526388K free physical memory)

OOME stack traces (most recent first):
Classloader memory used:

---------------  S Y S T E M  ---------------

OS:
 Windows 11 , 64 bit Build 26100 (10.0.26100.6725)
OS uptime: 25 days 15:14 hours
Hyper-V role detected

CPU: total 8 (initial active 8) (4 cores per cpu, 2 threads per core) family 6 model 186 stepping 3 microcode 0x4121, cx8, cmov, fxsr, ht, mmx, 3dnowpref, sse, sse2, sse3, ssse3, sse4.1, sse4.2, popcnt, lzcnt, tsc, tscinvbit, avx, avx2, aes, erms, clmul, bmi1, bmi2, adx, sha, fma, vzeroupper, clflush, clflushopt, clwb, hv, serialize, rdtscp, rdpid, fsrm, f16c, cet_ibt, cet_ss
Processor Information for processor 0
  Max Mhz: 1200, Current Mhz: 1200, Mhz Limit: 1200
Processor Information for processor 1
  Max Mhz: 1200, Current Mhz: 1200, Mhz Limit: 1200
Processor Information for processor 2
  Max Mhz: 1200, Current Mhz: 1200, Mhz Limit: 1200
Processor Information for processor 3
  Max Mhz: 1200, Current Mhz: 1200, Mhz Limit: 1200
Processor Information for processor 4
  Max Mhz: 1200, Current Mhz: 900, Mhz Limit: 900
Processor Information for processor 5
  Max Mhz: 1200, Current Mhz: 900, Mhz Limit: 900
Processor Information for processor 6
  Max Mhz: 1200, Current Mhz: 900, Mhz Limit: 900
Processor Information for processor 7
  Max Mhz: 1200, Current Mhz: 900, Mhz Limit: 900

Memory: 4k page, system-wide physical 7835M (514M free)
TotalPageFile size 31387M (AvailPageFile size 154M)
current process WorkingSet (physical memory assigned to process): 12M, peak: 12M
current process commit charge ("private bytes"): 60M, peak: 184M

vm_info: OpenJDK 64-Bit Server VM (21.0.5+-12932927-b750.29) for windows-amd64 JRE (21.0.5+-12932927-b750.29), built on 2025-01-17T02:01:10Z by "builder" with MS VC++ 16.10 / 16.11 (VS2019)

END.
